This is XeTeX, Version 3.14159265-2.6-0.99999 (MiKTeX 2.9.6840 64-bit) (preloaded format=xelatex 2018.12.23)  17 MAY 2019 17:56
entering extended mode
**./livroavancado.tex
(livroavancado.tex
LaTeX2e <2018-04-01> patch level 5
("C:\Program Files\MiKTeX 2.9\tex\latex\base\book.cls"
Document Class: book 2014/09/29 v1.4h Standard LaTeX document class
("C:\Program Files\MiKTeX 2.9\tex\latex\base\bk12.clo"
File: bk12.clo 2014/09/29 v1.4h Standard LaTeX file (size option)
)
\c@part=\count80
\c@chapter=\count81
\c@section=\count82
\c@subsection=\count83
\c@subsubsection=\count84
\c@paragraph=\count85
\c@subparagraph=\count86
\c@figure=\count87
\c@table=\count88
\abovecaptionskip=\skip41
\belowcaptionskip=\skip42
\bibindent=\dimen102
) ("C:\Program Files\MiKTeX 2.9\tex\latex\lm\lmodern.sty"
Package: lmodern 2009/10/30 v1.6 Latin Modern Fonts
LaTeX Font Info:    Overwriting symbol font `operators' in version `normal'
(Font)                  OT1/cmr/m/n --> OT1/lmr/m/n on input line 22.
LaTeX Font Info:    Overwriting symbol font `letters' in version `normal'
(Font)                  OML/cmm/m/it --> OML/lmm/m/it on input line 23.
LaTeX Font Info:    Overwriting symbol font `symbols' in version `normal'
(Font)                  OMS/cmsy/m/n --> OMS/lmsy/m/n on input line 24.
LaTeX Font Info:    Overwriting symbol font `largesymbols' in version `normal'
(Font)                  OMX/cmex/m/n --> OMX/lmex/m/n on input line 25.
LaTeX Font Info:    Overwriting symbol font `operators' in version `bold'
(Font)                  OT1/cmr/bx/n --> OT1/lmr/bx/n on input line 26.
LaTeX Font Info:    Overwriting symbol font `letters' in version `bold'
(Font)                  OML/cmm/b/it --> OML/lmm/b/it on input line 27.
LaTeX Font Info:    Overwriting symbol font `symbols' in version `bold'
(Font)                  OMS/cmsy/b/n --> OMS/lmsy/b/n on input line 28.
LaTeX Font Info:    Overwriting symbol font `largesymbols' in version `bold'
(Font)                  OMX/cmex/m/n --> OMX/lmex/m/n on input line 29.
LaTeX Font Info:    Overwriting math alphabet `\mathbf' in version `normal'
(Font)                  OT1/cmr/bx/n --> OT1/lmr/bx/n on input line 31.
LaTeX Font Info:    Overwriting math alphabet `\mathsf' in version `normal'
(Font)                  OT1/cmss/m/n --> OT1/lmss/m/n on input line 32.
LaTeX Font Info:    Overwriting math alphabet `\mathit' in version `normal'
(Font)                  OT1/cmr/m/it --> OT1/lmr/m/it on input line 33.
LaTeX Font Info:    Overwriting math alphabet `\mathtt' in version `normal'
(Font)                  OT1/cmtt/m/n --> OT1/lmtt/m/n on input line 34.
LaTeX Font Info:    Overwriting math alphabet `\mathbf' in version `bold'
(Font)                  OT1/cmr/bx/n --> OT1/lmr/bx/n on input line 35.
LaTeX Font Info:    Overwriting math alphabet `\mathsf' in version `bold'
(Font)                  OT1/cmss/bx/n --> OT1/lmss/bx/n on input line 36.
LaTeX Font Info:    Overwriting math alphabet `\mathit' in version `bold'
(Font)                  OT1/cmr/bx/it --> OT1/lmr/bx/it on input line 37.
LaTeX Font Info:    Overwriting math alphabet `\mathtt' in version `bold'
(Font)                  OT1/cmtt/m/n --> OT1/lmtt/m/n on input line 38.
) ("C:\Program Files\MiKTeX 2.9\tex\latex\amsfonts\amssymb.sty"
Package: amssymb 2013/01/14 v3.01 AMS font symbols
("C:\Program Files\MiKTeX 2.9\tex\latex\amsfonts\amsfonts.sty"
Package: amsfonts 2013/01/14 v3.01 Basic AMSFonts support
\@emptytoks=\toks14
\symAMSa=\mathgroup4
\symAMSb=\mathgroup5
LaTeX Font Info:    Overwriting math alphabet `\mathfrak' in version `bold'
(Font)                  U/euf/m/n --> U/euf/b/n on input line 106.
)) ("C:\Program Files\MiKTeX 2.9\tex\latex\amsmath\amsmath.sty"
Package: amsmath 2017/09/02 v2.17a AMS math features
\@mathmargin=\skip43
For additional information on amsmath, use the `?' option.
("C:\Program Files\MiKTeX 2.9\tex\latex\amsmath\amstext.sty"
Package: amstext 2000/06/29 v2.01 AMS text
("C:\Program Files\MiKTeX 2.9\tex\latex\amsmath\amsgen.sty"
File: amsgen.sty 1999/11/30 v2.0 generic functions
\@emptytoks=\toks15
\ex@=\dimen103
)) ("C:\Program Files\MiKTeX 2.9\tex\latex\amsmath\amsbsy.sty"
Package: amsbsy 1999/11/29 v1.2d Bold Symbols
\pmbraise@=\dimen104
) ("C:\Program Files\MiKTeX 2.9\tex\latex\amsmath\amsopn.sty"
Package: amsopn 2016/03/08 v2.02 operator names
)
\inf@bad=\count89
LaTeX Info: Redefining \frac on input line 213.
\uproot@=\count90
\leftroot@=\count91
LaTeX Info: Redefining \overline on input line 375.
\classnum@=\count92
\DOTSCASE@=\count93
LaTeX Info: Redefining \ldots on input line 472.
LaTeX Info: Redefining \dots on input line 475.
LaTeX Info: Redefining \cdots on input line 596.
\Mathstrutbox@=\box26
\strutbox@=\box27
\big@size=\dimen105
LaTeX Font Info:    Redeclaring font encoding OML on input line 712.
LaTeX Font Info:    Redeclaring font encoding OMS on input line 713.
\macc@depth=\count94
\c@MaxMatrixCols=\count95
\dotsspace@=\muskip10
\c@parentequation=\count96
\dspbrk@lvl=\count97
\tag@help=\toks16
\row@=\count98
\column@=\count99
\maxfields@=\count100
\andhelp@=\toks17
\eqnshift@=\dimen106
\alignsep@=\dimen107
\tagshift@=\dimen108
\tagwidth@=\dimen109
\totwidth@=\dimen110
\lineht@=\dimen111
\@envbody=\toks18
\multlinegap=\skip44
\multlinetaggap=\skip45
\mathdisplay@stack=\toks19
LaTeX Info: Redefining \[ on input line 2817.
LaTeX Info: Redefining \] on input line 2818.
) ("C:\Program Files\MiKTeX 2.9\tex\generic\ifxetex\ifxetex.sty"
Package: ifxetex 2010/09/12 v0.6 Provides ifxetex conditional
) ("C:\Program Files\MiKTeX 2.9\tex\generic\oberdiek\ifluatex.sty"
Package: ifluatex 2016/05/16 v1.4 Provides the ifluatex switch (HO)
Package ifluatex Info: LuaTeX not detected.
) ("C:\Program Files\MiKTeX 2.9\tex\latex\base\fixltx2e.sty"
Package: fixltx2e 2016/12/29 v2.1a fixes to LaTeX (obsolete)
Applying: [2015/01/01] Old fixltx2e package on input line 46.

Package fixltx2e Warning: fixltx2e is not required with releases after 2015
(fixltx2e)                All fixes are now in the LaTeX kernel.
(fixltx2e)                See the latexrelease package for details.

Already applied: [0000/00/00] Old fixltx2e package on input line 53.
) ("C:\Program Files\MiKTeX 2.9\tex\xelatex\mathspec\mathspec.sty"
Package: mathspec 2016/12/22 v0.2b LaTeX Package (Mathematics font selection fo
r XeLaTeX)
("C:\Program Files\MiKTeX 2.9\tex\latex\etoolbox\etoolbox.sty"
Package: etoolbox 2018/08/19 v2.5f e-TeX tools for LaTeX (JAW)
\etb@tempcnta=\count101
) ("C:\Program Files\MiKTeX 2.9\tex\latex\fontspec\fontspec.sty" ("C:\Program F
iles\MiKTeX 2.9\tex\latex\l3packages\xparse\xparse.sty" ("C:\Program Files\MiKT
eX 2.9\tex\latex\l3kernel\expl3.sty"
Package: expl3 2018-12-12 L3 programming layer (loader) 
("C:\Program Files\MiKTeX 2.9\tex\latex\l3kernel\expl3-code.tex"
Package: expl3 2018-12-12 L3 programming layer (code)
\c_max_int=\count102
\l_tmpa_int=\count103
\l_tmpb_int=\count104
\g_tmpa_int=\count105
\g_tmpb_int=\count106
\g__kernel_prg_map_int=\count107
\c_log_iow=\count108
\l_iow_line_count_int=\count109
\l__iow_line_target_int=\count110
\l__iow_one_indent_int=\count111
\l__iow_indent_int=\count112
\c_zero_dim=\dimen112
\c_max_dim=\dimen113
\l_tmpa_dim=\dimen114
\l_tmpb_dim=\dimen115
\g_tmpa_dim=\dimen116
\g_tmpb_dim=\dimen117
\c_zero_skip=\skip46
\c_max_skip=\skip47
\l_tmpa_skip=\skip48
\l_tmpb_skip=\skip49
\g_tmpa_skip=\skip50
\g_tmpb_skip=\skip51
\c_zero_muskip=\muskip11
\c_max_muskip=\muskip12
\l_tmpa_muskip=\muskip13
\l_tmpb_muskip=\muskip14
\g_tmpa_muskip=\muskip15
\g_tmpb_muskip=\muskip16
\l_keys_choice_int=\count113
\l__intarray_loop_int=\count114
\c__intarray_sp_dim=\dimen118
\g__intarray_font_int=\count115
\c__fp_leading_shift_int=\count116
\c__fp_middle_shift_int=\count117
\c__fp_trailing_shift_int=\count118
\c__fp_big_leading_shift_int=\count119
\c__fp_big_middle_shift_int=\count120
\c__fp_big_trailing_shift_int=\count121
\c__fp_Bigg_leading_shift_int=\count122
\c__fp_Bigg_middle_shift_int=\count123
\c__fp_Bigg_trailing_shift_int=\count124
\g__fp_array_int=\count125
\l__fp_array_loop_int=\count126
\l__sort_length_int=\count127
\l__sort_min_int=\count128
\l__sort_top_int=\count129
\l__sort_max_int=\count130
\l__sort_true_max_int=\count131
\l__sort_block_int=\count132
\l__sort_begin_int=\count133
\l__sort_end_int=\count134
\l__sort_A_int=\count135
\l__sort_B_int=\count136
\l__sort_C_int=\count137
\l__tl_analysis_normal_int=\count138
\l__tl_analysis_index_int=\count139
\l__tl_analysis_nesting_int=\count140
\l__tl_analysis_type_int=\count141
\l__regex_internal_a_int=\count142
\l__regex_internal_b_int=\count143
\l__regex_internal_c_int=\count144
\l__regex_balance_int=\count145
\l__regex_group_level_int=\count146
\l__regex_mode_int=\count147
\c__regex_cs_in_class_mode_int=\count148
\c__regex_cs_mode_int=\count149
\l__regex_catcodes_int=\count150
\l__regex_default_catcodes_int=\count151
\c__regex_catcode_L_int=\count152
\c__regex_catcode_O_int=\count153
\c__regex_catcode_A_int=\count154
\c__regex_all_catcodes_int=\count155
\l__regex_show_lines_int=\count156
\l__regex_min_state_int=\count157
\l__regex_max_state_int=\count158
\l__regex_left_state_int=\count159
\l__regex_right_state_int=\count160
\l__regex_capturing_group_int=\count161
\l__regex_min_pos_int=\count162
\l__regex_max_pos_int=\count163
\l__regex_curr_pos_int=\count164
\l__regex_start_pos_int=\count165
\l__regex_success_pos_int=\count166
\l__regex_curr_char_int=\count167
\l__regex_curr_catcode_int=\count168
\l__regex_last_char_int=\count169
\l__regex_case_changed_char_int=\count170
\l__regex_curr_state_int=\count171
\l__regex_step_int=\count172
\l__regex_min_active_int=\count173
\l__regex_max_active_int=\count174
\l__regex_replacement_csnames_int=\count175
\l__regex_match_count_int=\count176
\l__regex_min_submatch_int=\count177
\l__regex_submatch_int=\count178
\l__regex_zeroth_submatch_int=\count179
\g__regex_trace_regex_int=\count180
\c_empty_box=\box28
\l_tmpa_box=\box29
\l_tmpb_box=\box30
\g_tmpa_box=\box31
\g_tmpb_box=\box32
\l__box_top_dim=\dimen119
\l__box_bottom_dim=\dimen120
\l__box_left_dim=\dimen121
\l__box_right_dim=\dimen122
\l__box_top_new_dim=\dimen123
\l__box_bottom_new_dim=\dimen124
\l__box_left_new_dim=\dimen125
\l__box_right_new_dim=\dimen126
\l__box_internal_box=\box33
\l__coffin_internal_box=\box34
\l__coffin_internal_dim=\dimen127
\l__coffin_offset_x_dim=\dimen128
\l__coffin_offset_y_dim=\dimen129
\l__coffin_x_dim=\dimen130
\l__coffin_y_dim=\dimen131
\l__coffin_x_prime_dim=\dimen132
\l__coffin_y_prime_dim=\dimen133
\c_empty_coffin=\box35
\l__coffin_aligned_coffin=\box36
\l__coffin_aligned_internal_coffin=\box37
\l_tmpa_coffin=\box38
\l_tmpb_coffin=\box39
\l__coffin_display_coffin=\box40
\l__coffin_display_coord_coffin=\box41
\l__coffin_display_pole_coffin=\box42
\l__coffin_display_offset_dim=\dimen134
\l__coffin_display_x_dim=\dimen135
\l__coffin_display_y_dim=\dimen136
\g__file_internal_ior=\read1
\l__coffin_bounding_shift_dim=\dimen137
\l__coffin_left_corner_dim=\dimen138
\l__coffin_right_corner_dim=\dimen139
\l__coffin_bottom_corner_dim=\dimen140
\l__coffin_top_corner_dim=\dimen141
\l__coffin_scaled_total_height_dim=\dimen142
\l__coffin_scaled_width_dim=\dimen143
) ("C:\Program Files\MiKTeX 2.9\tex\latex\l3kernel\l3xdvipdfmx.def"
File: l3xdvidpfmx.def 2018-12-12 v L3 Experimental driver: xdvipdfmx
\g__driver_image_int=\count181
\g__driver_pdf_object_int=\count182
))
Package: xparse 2018-10-17 L3 Experimental document command parser
\l__xparse_current_arg_int=\count183
\g__xparse_grabber_int=\count184
\l__xparse_m_args_int=\count185
\l__xparse_mandatory_args_int=\count186
\l__xparse_v_nesting_int=\count187
)
Package: fontspec 2018/07/30 vv2.6h Font selection for XeLaTeX and LuaLaTeX
("C:\Program Files\MiKTeX 2.9\tex\latex\fontspec\fontspec-xetex.sty"
Package: fontspec-xetex 2018/07/30 vv2.6h Font selection for XeLaTeX and LuaLaT
eX
\l__fontspec_script_int=\count188
\l__fontspec_language_int=\count189
\l__fontspec_strnum_int=\count190
\l__fontspec_tmp_int=\count191
\l__fontspec_em_int=\count192
\l__fontspec_emdef_int=\count193
\l__fontspec_strong_int=\count194
\l__fontspec_strongdef_int=\count195
\l__fontspec_tmpa_dim=\dimen144
\l__fontspec_tmpb_dim=\dimen145
\l__fontspec_tmpc_dim=\dimen146
("C:\Program Files\MiKTeX 2.9\tex\latex\base\fontenc.sty"
Package: fontenc 2017/04/05 v2.0i Standard LaTeX package
("C:\Program Files\MiKTeX 2.9\tex\latex\base\tuenc.def"
File: tuenc.def 2017/04/05 v2.0i Standard LaTeX file
LaTeX Font Info:    Redeclaring font encoding TU on input line 82.
)) ("C:\Program Files\MiKTeX 2.9\tex\latex\fontspec\fontspec.cfg")
LaTeX Info: Redefining \itshape on input line 3910.
LaTeX Info: Redefining \slshape on input line 3915.
LaTeX Info: Redefining \scshape on input line 3920.
LaTeX Info: Redefining \upshape on input line 3925.
LaTeX Info: Redefining \em on input line 3955.
LaTeX Info: Redefining \emph on input line 3980.
LaTeX Info: Redefining \- on input line 4034.
)) ("C:\Program Files\MiKTeX 2.9\tex\latex\xkeyval\xkeyval.sty"
Package: xkeyval 2014/12/03 v2.7a package option processing (HA)
("C:\Program Files\MiKTeX 2.9\tex\generic\xkeyval\xkeyval.tex" ("C:\Program Fil
es\MiKTeX 2.9\tex\generic\xkeyval\xkvutils.tex"
\XKV@toks=\toks20
\XKV@tempa@toks=\toks21
("C:\Program Files\MiKTeX 2.9\tex\generic\xkeyval\keyval.tex"))
\XKV@depth=\count196
File: xkeyval.tex 2014/12/03 v2.7a key=value parser (HA)
))
\c@eu@=\count197
\c@eu@i=\count198
\c@mkern=\count199
) ("C:\Program Files\MiKTeX 2.9\tex\latex\upquote\upquote.sty"
Package: upquote 2012/04/19 v1.3 upright-quote and grave-accent glyphs in verba
tim
("C:\Program Files\MiKTeX 2.9\tex\latex\base\textcomp.sty"
Package: textcomp 2017/04/05 v2.0i Standard LaTeX package
Package textcomp Info: Sub-encoding information:
(textcomp)               5 = only ISO-Adobe without \textcurrency
(textcomp)               4 = 5 + \texteuro
(textcomp)               3 = 4 + \textohm
(textcomp)               2 = 3 + \textestimated + \textcurrency
(textcomp)               1 = TS1 - \textcircled - \t
(textcomp)               0 = TS1 (full)
(textcomp)             Font families with sub-encoding setting implement
(textcomp)             only a restricted character set as indicated.
(textcomp)             Family '?' is the default used for unknown fonts.
(textcomp)             See the documentation for details.
Package textcomp Info: Setting ? sub-encoding to TS1/1 on input line 79.
("C:\Program Files\MiKTeX 2.9\tex\latex\base\ts1enc.def"
File: ts1enc.def 2001/06/05 v3.0e (jk/car/fm) Standard LaTeX file
)
LaTeX Info: Redefining \oldstylenums on input line 334.
Package textcomp Info: Setting cmr sub-encoding to TS1/0 on input line 349.
Package textcomp Info: Setting cmss sub-encoding to TS1/0 on input line 350.
Package textcomp Info: Setting cmtt sub-encoding to TS1/0 on input line 351.
Package textcomp Info: Setting cmvtt sub-encoding to TS1/0 on input line 352.
Package textcomp Info: Setting cmbr sub-encoding to TS1/0 on input line 353.
Package textcomp Info: Setting cmtl sub-encoding to TS1/0 on input line 354.
Package textcomp Info: Setting ccr sub-encoding to TS1/0 on input line 355.
Package textcomp Info: Setting ptm sub-encoding to TS1/4 on input line 356.
Package textcomp Info: Setting pcr sub-encoding to TS1/4 on input line 357.
Package textcomp Info: Setting phv sub-encoding to TS1/4 on input line 358.
Package textcomp Info: Setting ppl sub-encoding to TS1/3 on input line 359.
Package textcomp Info: Setting pag sub-encoding to TS1/4 on input line 360.
Package textcomp Info: Setting pbk sub-encoding to TS1/4 on input line 361.
Package textcomp Info: Setting pnc sub-encoding to TS1/4 on input line 362.
Package textcomp Info: Setting pzc sub-encoding to TS1/4 on input line 363.
Package textcomp Info: Setting bch sub-encoding to TS1/4 on input line 364.
Package textcomp Info: Setting put sub-encoding to TS1/5 on input line 365.
Package textcomp Info: Setting uag sub-encoding to TS1/5 on input line 366.
Package textcomp Info: Setting ugq sub-encoding to TS1/5 on input line 367.
Package textcomp Info: Setting ul8 sub-encoding to TS1/4 on input line 368.
Package textcomp Info: Setting ul9 sub-encoding to TS1/4 on input line 369.
Package textcomp Info: Setting augie sub-encoding to TS1/5 on input line 370.
Package textcomp Info: Setting dayrom sub-encoding to TS1/3 on input line 371.
Package textcomp Info: Setting dayroms sub-encoding to TS1/3 on input line 372.

Package textcomp Info: Setting pxr sub-encoding to TS1/0 on input line 373.
Package textcomp Info: Setting pxss sub-encoding to TS1/0 on input line 374.
Package textcomp Info: Setting pxtt sub-encoding to TS1/0 on input line 375.
Package textcomp Info: Setting txr sub-encoding to TS1/0 on input line 376.
Package textcomp Info: Setting txss sub-encoding to TS1/0 on input line 377.
Package textcomp Info: Setting txtt sub-encoding to TS1/0 on input line 378.
Package textcomp Info: Setting lmr sub-encoding to TS1/0 on input line 379.
Package textcomp Info: Setting lmdh sub-encoding to TS1/0 on input line 380.
Package textcomp Info: Setting lmss sub-encoding to TS1/0 on input line 381.
Package textcomp Info: Setting lmssq sub-encoding to TS1/0 on input line 382.
Package textcomp Info: Setting lmvtt sub-encoding to TS1/0 on input line 383.
Package textcomp Info: Setting lmtt sub-encoding to TS1/0 on input line 384.
Package textcomp Info: Setting qhv sub-encoding to TS1/0 on input line 385.
Package textcomp Info: Setting qag sub-encoding to TS1/0 on input line 386.
Package textcomp Info: Setting qbk sub-encoding to TS1/0 on input line 387.
Package textcomp Info: Setting qcr sub-encoding to TS1/0 on input line 388.
Package textcomp Info: Setting qcs sub-encoding to TS1/0 on input line 389.
Package textcomp Info: Setting qpl sub-encoding to TS1/0 on input line 390.
Package textcomp Info: Setting qtm sub-encoding to TS1/0 on input line 391.
Package textcomp Info: Setting qzc sub-encoding to TS1/0 on input line 392.
Package textcomp Info: Setting qhvc sub-encoding to TS1/0 on input line 393.
Package textcomp Info: Setting futs sub-encoding to TS1/4 on input line 394.
Package textcomp Info: Setting futx sub-encoding to TS1/4 on input line 395.
Package textcomp Info: Setting futj sub-encoding to TS1/4 on input line 396.
Package textcomp Info: Setting hlh sub-encoding to TS1/3 on input line 397.
Package textcomp Info: Setting hls sub-encoding to TS1/3 on input line 398.
Package textcomp Info: Setting hlst sub-encoding to TS1/3 on input line 399.
Package textcomp Info: Setting hlct sub-encoding to TS1/5 on input line 400.
Package textcomp Info: Setting hlx sub-encoding to TS1/5 on input line 401.
Package textcomp Info: Setting hlce sub-encoding to TS1/5 on input line 402.
Package textcomp Info: Setting hlcn sub-encoding to TS1/5 on input line 403.
Package textcomp Info: Setting hlcw sub-encoding to TS1/5 on input line 404.
Package textcomp Info: Setting hlcf sub-encoding to TS1/5 on input line 405.
Package textcomp Info: Setting pplx sub-encoding to TS1/3 on input line 406.
Package textcomp Info: Setting pplj sub-encoding to TS1/3 on input line 407.
Package textcomp Info: Setting ptmx sub-encoding to TS1/4 on input line 408.
Package textcomp Info: Setting ptmj sub-encoding to TS1/4 on input line 409.
)) ("C:\Program Files\MiKTeX 2.9\tex\latex\microtype\microtype.sty"
Package: microtype 2018/01/14 v2.7a Micro-typographical refinements (RS)
\MT@toks=\toks22
\MT@count=\count266
LaTeX Info: Redefining \textls on input line 793.
\MT@outer@kern=\dimen147
LaTeX Info: Redefining \textmicrotypecontext on input line 1339.
\MT@listname@count=\count267
("C:\Program Files\MiKTeX 2.9\tex\latex\microtype\microtype-xetex.def"
File: microtype-xetex.def 2018/01/14 v2.7a Definitions specific to xetex (RS)
LaTeX Info: Redefining \lsstyle on input line 256.
)
Package microtype Info: Loading configuration file microtype.cfg.
("C:\Program Files\MiKTeX 2.9\tex\latex\microtype\microtype.cfg"
File: microtype.cfg 2018/01/14 v2.7a microtype main configuration file (RS)
)) ("C:\Program Files\MiKTeX 2.9\tex\latex\geometry\geometry.sty"
Package: geometry 2018/04/16 v5.8 Page Geometry
("C:\Program Files\MiKTeX 2.9\tex\generic\oberdiek\ifpdf.sty"
Package: ifpdf 2018/09/07 v3.3 Provides the ifpdf switch
) ("C:\Program Files\MiKTeX 2.9\tex\generic\oberdiek\ifvtex.sty"
Package: ifvtex 2016/05/16 v1.6 Detect VTeX and its facilities (HO)
Package ifvtex Info: VTeX not detected.
)
\Gm@cnth=\count268
\Gm@cntv=\count269
\c@Gm@tempcnt=\count270
\Gm@bindingoffset=\dimen148
\Gm@wd@mp=\dimen149
\Gm@odd@mp=\dimen150
\Gm@even@mp=\dimen151
\Gm@layoutwidth=\dimen152
\Gm@layoutheight=\dimen153
\Gm@layouthoffset=\dimen154
\Gm@layoutvoffset=\dimen155
\Gm@dimlist=\toks23
("C:\Program Files\MiKTeX 2.9\tex\xelatex\xetexconfig\geometry.cfg")) ("C:\Prog
ram Files\MiKTeX 2.9\tex\latex\hyperref\hyperref.sty"
Package: hyperref 2018/09/30 v6.88a Hypertext links for LaTeX
("C:\Program Files\MiKTeX 2.9\tex\generic\oberdiek\hobsub-hyperref.sty"
Package: hobsub-hyperref 2016/05/16 v1.14 Bundle oberdiek, subset hyperref (HO)

("C:\Program Files\MiKTeX 2.9\tex\generic\oberdiek\hobsub-generic.sty"
Package: hobsub-generic 2016/05/16 v1.14 Bundle oberdiek, subset generic (HO)
Package: hobsub 2016/05/16 v1.14 Construct package bundles (HO)
Package: infwarerr 2016/05/16 v1.4 Providing info/warning/error messages (HO)
Package: ltxcmds 2016/05/16 v1.23 LaTeX kernel commands for general use (HO)
Package hobsub Info: Skipping package `ifluatex' (already loaded).
Package hobsub Info: Skipping package `ifvtex' (already loaded).
Package: intcalc 2016/05/16 v1.2 Expandable calculations with integers (HO)
Package hobsub Info: Skipping package `ifpdf' (already loaded).
Package: etexcmds 2016/05/16 v1.6 Avoid name clashes with e-TeX commands (HO)
Package etexcmds Info: Could not find \expanded.
(etexcmds)             That can mean that you are not using pdfTeX 1.50 or
(etexcmds)             that some package has redefined \expanded.
(etexcmds)             In the latter case, load this package earlier.
Package: kvsetkeys 2016/05/16 v1.17 Key value parser (HO)
Package: kvdefinekeys 2016/05/16 v1.4 Define keys (HO)
Package: pdftexcmds 2018/09/10 v0.29 Utility functions of pdfTeX for LuaTeX (HO
)
Package pdftexcmds Info: LuaTeX not detected.
Package pdftexcmds Info: pdfTeX >= 1.30 not detected.
Package pdftexcmds Info: \pdf@primitive is available.
Package pdftexcmds Info: \pdf@ifprimitive is available.
Package pdftexcmds Info: \pdfdraftmode not found.
Package: pdfescape 2016/05/16 v1.14 Implements pdfTeX's escape features (HO)
Package: bigintcalc 2016/05/16 v1.4 Expandable calculations on big integers (HO
)
Package: bitset 2016/05/16 v1.2 Handle bit-vector datatype (HO)
Package: uniquecounter 2016/05/16 v1.3 Provide unlimited unique counter (HO)
)
Package hobsub Info: Skipping package `hobsub' (already loaded).
Package: letltxmacro 2016/05/16 v1.5 Let assignment for LaTeX macros (HO)
Package: hopatch 2016/05/16 v1.3 Wrapper for package hooks (HO)
Package: xcolor-patch 2016/05/16 xcolor patch
Package: atveryend 2016/05/16 v1.9 Hooks at the very end of document (HO)
Package: atbegshi 2016/06/09 v1.18 At begin shipout hook (HO)
Package: refcount 2016/05/16 v3.5 Data extraction from label references (HO)
Package: hycolor 2016/05/16 v1.8 Color options for hyperref/bookmark (HO)
) ("C:\Program Files\MiKTeX 2.9\tex\latex\oberdiek\auxhook.sty"
Package: auxhook 2016/05/16 v1.4 Hooks for auxiliary files (HO)
) ("C:\Program Files\MiKTeX 2.9\tex\latex\oberdiek\kvoptions.sty"
Package: kvoptions 2016/05/16 v3.12 Key value format for package options (HO)
)
\@linkdim=\dimen156
\Hy@linkcounter=\count271
\Hy@pagecounter=\count272
("C:\Program Files\MiKTeX 2.9\tex\latex\hyperref\pd1enc.def"
File: pd1enc.def 2018/09/30 v6.88a Hyperref: PDFDocEncoding definition (HO)
)
\Hy@SavedSpaceFactor=\count273
("C:\Program Files\MiKTeX 2.9\tex\latex\00miktex\hyperref.cfg"
File: hyperref.cfg 2002/06/06 v1.2 hyperref configuration of TeXLive
)
Package hyperref Info: Hyper figures OFF on input line 4535.
Package hyperref Info: Link nesting OFF on input line 4540.
Package hyperref Info: Hyper index ON on input line 4543.
Package hyperref Info: Plain pages OFF on input line 4550.
Package hyperref Info: Backreferencing OFF on input line 4555.
Package hyperref Info: Implicit mode ON; LaTeX internals redefined.
Package hyperref Info: Bookmarks ON on input line 4788.
\c@Hy@tempcnt=\count274
("C:\Program Files\MiKTeX 2.9\tex\latex\url\url.sty"
\Urlmuskip=\muskip17
Package: url 2013/09/16  ver 3.4  Verb mode for urls, etc.
)
LaTeX Info: Redefining \url on input line 5141.
\XeTeXLinkMargin=\dimen157
\Fld@menulength=\count275
\Field@Width=\dimen158
\Fld@charsize=\dimen159
Package hyperref Info: Hyper figures OFF on input line 6396.
Package hyperref Info: Link nesting OFF on input line 6401.
Package hyperref Info: Hyper index ON on input line 6404.
Package hyperref Info: backreferencing OFF on input line 6411.
Package hyperref Info: Link coloring OFF on input line 6416.
Package hyperref Info: Link coloring with OCG OFF on input line 6421.
Package hyperref Info: PDF/A mode OFF on input line 6426.
LaTeX Info: Redefining \ref on input line 6466.
LaTeX Info: Redefining \pageref on input line 6470.
\Hy@abspage=\count276
\c@Item=\count277
\c@Hfootnote=\count278
)
Package hyperref Info: Driver (autodetected): hxetex.
("C:\Program Files\MiKTeX 2.9\tex\latex\hyperref\hxetex.def"
File: hxetex.def 2018/09/30 v6.88a Hyperref driver for XeTeX
("C:\Program Files\MiKTeX 2.9\tex\latex\hyperref\puenc.def"
File: puenc.def 2018/09/30 v6.88a Hyperref: PDF Unicode definition (HO)
) ("C:\Program Files\MiKTeX 2.9\tex\generic\oberdiek\stringenc.sty"
Package: stringenc 2016/05/16 v1.11 Convert strings between diff. encodings (HO
)
)
\pdfm@box=\box43
\c@Hy@AnnotLevel=\count279
\HyField@AnnotCount=\count280
\Fld@listcount=\count281
\c@bookmark@seq@number=\count282
("C:\Program Files\MiKTeX 2.9\tex\latex\oberdiek\rerunfilecheck.sty"
Package: rerunfilecheck 2016/05/16 v1.8 Rerun checks for auxiliary files (HO)
Package uniquecounter Info: New unique counter `rerunfilecheck' on input line 2
82.
)
\Hy@SectionHShift=\skip52
)
Package hyperref Info: Option `unicode' set `true' on input line 30.
("C:\Program Files\MiKTeX 2.9\tex\generic\oberdiek\se-ascii-print.def"
File: se-ascii-print.def 2016/05/16 v1.11 stringenc: Printable ASCII characters

)
Package hyperref Info: Option `breaklinks' set `true' on input line 30.
("C:\Program Files\MiKTeX 2.9\tex\latex\polyglossia\polyglossia.sty"
Package: polyglossia 2018/04/07 v1.43 Alternative to Babel for XeLaTeX and LuaL
aTeX
("C:\Program Files\MiKTeX 2.9\tex\latex\makecmds\makecmds.sty"
Package: makecmds 2009/09/03 v1.0a extra command making commands
)
\xpg@normalclass=\XeTeXcharclass1
) ("C:\Program Files\MiKTeX 2.9\tex\latex\polyglossia\gloss-brazil.ldf"
File: gloss-brazil.ldf polyglossia: module for portuguese
)
Package polyglossia Info: Default language is brazil.
("C:\Program Files\MiKTeX 2.9\tex\latex\graphics\color.sty"
Package: color 2016/07/10 v1.1e Standard LaTeX Color (DPC)
("C:\Program Files\MiKTeX 2.9\tex\latex\graphics-cfg\color.cfg"
File: color.cfg 2016/01/02 v1.6 sample color configuration
)
Package color Info: Driver file: xetex.def on input line 147.
("C:\Program Files\MiKTeX 2.9\tex\latex\graphics-def\xetex.def"
File: xetex.def 2017/06/24 v5.0h Graphics/color driver for xetex
)) ("C:\Program Files\MiKTeX 2.9\tex\latex\fancyvrb\fancyvrb.sty"
Package: fancyvrb 2018/11/20
Style option: `fancyvrb' v3.1a <2018/11/20> (tvz) ("C:\Program Files\MiKTeX 2.9
\tex\latex\xcolor\xcolor.sty"
Package: xcolor 2016/05/11 v2.12 LaTeX color extensions (UK)
("C:\Program Files\MiKTeX 2.9\tex\latex\graphics-cfg\color.cfg"
File: color.cfg 2016/01/02 v1.6 sample color configuration
)
Package xcolor Info: Driver file: xetex.def on input line 225.
LaTeX Info: Redefining \color on input line 709.
Package xcolor Info: Model `cmy' substituted by `cmy0' on input line 1348.
Package xcolor Info: Model `RGB' extended on input line 1364.
Package xcolor Info: Model `HTML' substituted by `rgb' on input line 1366.
Package xcolor Info: Model `Hsb' substituted by `hsb' on input line 1367.
Package xcolor Info: Model `tHsb' substituted by `hsb' on input line 1368.
Package xcolor Info: Model `HSB' substituted by `hsb' on input line 1369.
Package xcolor Info: Model `Gray' substituted by `gray' on input line 1370.
Package xcolor Info: Model `wave' substituted by `hsb' on input line 1371.
)
\FV@CodeLineNo=\count283
\FV@InFile=\read2
\FV@TabBox=\box44
\c@FancyVerbLine=\count284
\FV@StepNumber=\count285
\FV@OutFile=\write3
) ("C:\Program Files\MiKTeX 2.9\tex\latex\framed\framed.sty"
Package: framed 2011/10/22 v 0.96: framed or shaded text with page breaks
\OuterFrameSep=\skip53
\fb@frw=\dimen160
\fb@frh=\dimen161
\FrameRule=\dimen162
\FrameSep=\dimen163
) ("C:\Program Files\MiKTeX 2.9\tex\latex\tools\longtable.sty"
Package: longtable 2014/10/28 v4.11 Multi-page Table package (DPC)
\LTleft=\skip54
\LTright=\skip55
\LTpre=\skip56
\LTpost=\skip57
\LTchunksize=\count286
\LTcapwidth=\dimen164
\LT@head=\box45
\LT@firsthead=\box46
\LT@foot=\box47
\LT@lastfoot=\box48
\LT@cols=\count287
\LT@rows=\count288
\c@LT@tables=\count289
\c@LT@chunks=\count290
\LT@p@ftn=\toks24
) ("C:\Program Files\MiKTeX 2.9\tex\latex\booktabs\booktabs.sty"
Package: booktabs 2005/04/14 v1.61803 publication quality tables
\heavyrulewidth=\dimen165
\lightrulewidth=\dimen166
\cmidrulewidth=\dimen167
\belowrulesep=\dimen168
\belowbottomsep=\dimen169
\aboverulesep=\dimen170
\abovetopsep=\dimen171
\cmidrulesep=\dimen172
\cmidrulekern=\dimen173
\defaultaddspace=\dimen174
\@cmidla=\count291
\@cmidlb=\count292
\@aboverulesep=\dimen175
\@belowrulesep=\dimen176
\@thisruleclass=\count293
\@lastruleclass=\count294
\@thisrulewidth=\dimen177
) ("C:\Program Files\MiKTeX 2.9\tex\latex\graphics\graphicx.sty"
Package: graphicx 2017/06/01 v1.1a Enhanced LaTeX Graphics (DPC,SPQR)
("C:\Program Files\MiKTeX 2.9\tex\latex\graphics\graphics.sty"
Package: graphics 2017/06/25 v1.2c Standard LaTeX Graphics (DPC,SPQR)
("C:\Program Files\MiKTeX 2.9\tex\latex\graphics\trig.sty"
Package: trig 2016/01/03 v1.10 sin cos tan (DPC)
) ("C:\Program Files\MiKTeX 2.9\tex\latex\graphics-cfg\graphics.cfg"
File: graphics.cfg 2016/06/04 v1.11 sample graphics configuration
)
Package graphics Info: Driver file: xetex.def on input line 99.
)
\Gin@req@height=\dimen178
\Gin@req@width=\dimen179
) ("C:\Program Files\MiKTeX 2.9\tex\latex\oberdiek\grffile.sty"
Package: grffile 2017/06/30 v1.18 Extended file name support for graphics (HO)
Package grffile Info: Option `multidot' is set to `true'.
Package grffile Info: Option `extendedchars' is set to `false'.
Package grffile Info: Option `space' is set to `true'.
Package grffile Info: \Gin@ii of package `graphicx' fixed on input line 494.
) ("C:\Program Files\MiKTeX 2.9\tex\latex\parskip\parskip.sty"
Package: parskip 2018-08-24 v2.0a non-zero parskip adjustments
) ("C:\Program Files\MiKTeX 2.9\tex\latex\titling\titling.sty"
Package: titling 2009/09/04 v2.1d maketitle typesetting
\thanksmarkwidth=\skip58
\thanksmargin=\skip59
\droptitle=\skip60
) ("C:\Program Files\MiKTeX 2.9\tex\latex\multirow\multirow.sty"
Package: multirow 2018/08/03 v2.3 Span multiple rows of a table
\multirow@colwidth=\skip61
\multirow@cntb=\count295
\multirow@dima=\skip62
\bigstrutjot=\dimen180
) ("C:\Program Files\MiKTeX 2.9\tex\latex\caption\ltcaption.sty"
Package: ltcaption 2018/08/26 v1.4-95 longtable captions (AR)
\LTcapskip=\skip63
\LTcapleft=\skip64
\LTcapright=\skip65
) ("C:\Program Files\MiKTeX 2.9\tex\latex\pdfpages\pdfpages.sty"
Package: pdfpages 2017/10/31 v0.5l Insert pages of external PDF documents (AM)
("C:\Program Files\MiKTeX 2.9\tex\latex\base\ifthen.sty"
Package: ifthen 2014/09/29 v1.1c Standard LaTeX ifthen package (DPC)
) ("C:\Program Files\MiKTeX 2.9\tex\latex\tools\calc.sty"
Package: calc 2017/05/25 v4.3 Infix arithmetic (KKT,FJ)
\calc@Acount=\count296
\calc@Bcount=\count297
\calc@Adimen=\dimen181
\calc@Bdimen=\dimen182
\calc@Askip=\skip66
\calc@Bskip=\skip67
LaTeX Info: Redefining \setlength on input line 80.
LaTeX Info: Redefining \addtolength on input line 81.
\calc@Ccount=\count298
\calc@Cskip=\skip68
) ("C:\Program Files\MiKTeX 2.9\tex\latex\eso-pic\eso-pic.sty"
Package: eso-pic 2018/04/12 v2.0h eso-pic (RN)
)
\AM@pagewidth=\dimen183
\AM@pageheight=\dimen184
("C:\Program Files\MiKTeX 2.9\tex\latex\pdfpages\ppxetex.def"
File: ppxetex.def 2017/10/31 v0.5l Pdfpages driver for XeTeX (AM)
)
\AM@pagebox=\box49
\AM@global@opts=\toks25
\AM@toc@title=\toks26
\c@AM@survey=\count299
\AM@templatesizebox=\box50
) ("C:\Program Files\MiKTeX 2.9\tex\latex\base\fontenc.sty"
Package: fontenc 2017/04/05 v2.0i Standard LaTeX package
("C:\Program Files\MiKTeX 2.9\tex\latex\base\t1enc.def"
File: t1enc.def 2017/04/05 v2.0i Standard LaTeX file
LaTeX Font Info:    Redeclaring font encoding T1 on input line 48.
)
LaTeX Font Info:    Try loading font information for T1+lmr on input line 105.
("C:\Program Files\MiKTeX 2.9\tex\latex\lm\t1lmr.fd"
File: t1lmr.fd 2009/10/30 v1.6 Font defs for Latin Modern
)) ("C:\Program Files\MiKTeX 2.9\tex\latex\base\inputenc.sty"
Package: inputenc 2018/04/06 v1.3b Input encoding file
\inpenc@prehook=\toks27
\inpenc@posthook=\toks28

Package inputenc Warning: inputenc package ignored with utf8 based engines.

) ("C:\Program Files\MiKTeX 2.9\tex\latex\lastpage\lastpage.sty"
Package: lastpage 2015/03/29 v1.2m Refers to last page's name (HMM; JPG)
) ("C:\Program Files\MiKTeX 2.9\tex\latex\tools\indentfirst.sty"
Package: indentfirst 1995/11/23 v1.03 Indent first paragraph (DPC)
) ("C:\Program Files\MiKTeX 2.9\tex\latex\float\float.sty"
Package: float 2001/11/08 v1.3d Float enhancements (AL)
\c@float@type=\count300
\float@exts=\toks29
\float@box=\box51
\@float@everytoks=\toks30
\@floatcapt=\box52
) ("C:\Program Files\MiKTeX 2.9\tex\latex\ms\ragged2e.sty"
Package: ragged2e 2009/05/21 v2.1 ragged2e Package (MS)
("C:\Program Files\MiKTeX 2.9\tex\latex\ms\everysel.sty"
Package: everysel 2011/10/28 v1.2 EverySelectfont Package (MS)
)
\CenteringLeftskip=\skip69
\RaggedLeftLeftskip=\skip70
\RaggedRightLeftskip=\skip71
\CenteringRightskip=\skip72
\RaggedLeftRightskip=\skip73
\RaggedRightRightskip=\skip74
\CenteringParfillskip=\skip75
\RaggedLeftParfillskip=\skip76
\RaggedRightParfillskip=\skip77
\JustifyingParfillskip=\skip78
\CenteringParindent=\skip79
\RaggedLeftParindent=\skip80
\RaggedRightParindent=\skip81
\JustifyingParindent=\skip82
) (livroavancado.aux)
\openout1 = `livroavancado.aux'.

LaTeX Font Info:    Checking defaults for OML/cmm/m/it on input line 162.
LaTeX Font Info:    ... okay on input line 162.
LaTeX Font Info:    Checking defaults for T1/cmr/m/n on input line 162.
LaTeX Font Info:    ... okay on input line 162.
LaTeX Font Info:    Checking defaults for OT1/cmr/m/n on input line 162.
LaTeX Font Info:    ... okay on input line 162.
LaTeX Font Info:    Checking defaults for OMS/cmsy/m/n on input line 162.
LaTeX Font Info:    ... okay on input line 162.
LaTeX Font Info:    Checking defaults for TU/lmr/m/n on input line 162.
LaTeX Font Info:    ... okay on input line 162.
LaTeX Font Info:    Checking defaults for OMX/cmex/m/n on input line 162.
LaTeX Font Info:    ... okay on input line 162.
LaTeX Font Info:    Checking defaults for U/cmr/m/n on input line 162.
LaTeX Font Info:    ... okay on input line 162.
LaTeX Font Info:    Checking defaults for TS1/cmr/m/n on input line 162.
LaTeX Font Info:    Try loading font information for TS1+cmr on input line 162.

("C:\Program Files\MiKTeX 2.9\tex\latex\base\ts1cmr.fd"
File: ts1cmr.fd 2014/09/29 v2.5h Standard LaTeX font definitions
)
LaTeX Font Info:    ... okay on input line 162.
LaTeX Font Info:    Checking defaults for PD1/pdf/m/n on input line 162.
LaTeX Font Info:    ... okay on input line 162.
LaTeX Font Info:    Checking defaults for PU/pdf/m/n on input line 162.
LaTeX Font Info:    ... okay on input line 162.
LaTeX Info: Redefining \microtypecontext on input line 162.
Package microtype Info: Character protrusion enabled (level 2).
Package microtype Info: Using protrusion set `basicmath'.
Package microtype Info: No adjustment of tracking.
Package microtype Info: No adjustment of spacing.
Package microtype Info: No adjustment of kerning.
("C:\Program Files\MiKTeX 2.9\tex\latex\microtype\mt-LatinModernRoman.cfg"
File: mt-LatinModernRoman.cfg 2013/03/13 v1.0 microtype config. file: Latin Mod
ern Roman (RS)
)
Package microtype Info: Loading generic protrusion settings for font family
(microtype)             `lmr' (encoding: T1).
(microtype)             For optimal results, create family-specific settings.
(microtype)             See the microtype manual for details.
*geometry* detected driver: pdftex
*geometry* verbose mode - [ preamble ] result:
* driver: pdftex
* paper: <default>
* layout: <same size as paper>
* layoutoffset:(h,v)=(0.0pt,0.0pt)
* modes: 
* h-part:(L,W,R)=(72.26999pt, 469.75502pt, 72.26999pt)
* v-part:(T,H,B)=(72.26999pt, 650.43001pt, 72.26999pt)
* \paperwidth=614.295pt
* \paperheight=794.96999pt
* \textwidth=469.75502pt
* \textheight=650.43001pt
* \oddsidemargin=0.0pt
* \evensidemargin=0.0pt
* \topmargin=-31.8738pt
* \headheight=12.0pt
* \headsep=19.8738pt
* \topskip=12.0pt
* \footskip=30.0pt
* \marginparwidth=47.0pt
* \marginparsep=7.0pt
* \columnsep=10.0pt
* \skip\footins=10.8pt plus 4.0pt minus 2.0pt
* \hoffset=0.0pt
* \voffset=0.0pt
* \mag=1000
* \@twocolumnfalse
* \@twosidefalse
* \@mparswitchfalse
* \@reversemarginfalse
* (1in=72.27pt=25.4mm, 1cm=28.453pt)

\AtBeginShipoutBox=\box53
Package hyperref Info: Link coloring OFF on input line 162.
("C:\Program Files\MiKTeX 2.9\tex\latex\hyperref\nameref.sty"
Package: nameref 2016/05/21 v2.44 Cross-referencing by name of section
("C:\Program Files\MiKTeX 2.9\tex\generic\oberdiek\gettitlestring.sty"
Package: gettitlestring 2016/05/16 v1.5 Cleanup title references (HO)
)
\c@section@level=\count301
)
LaTeX Info: Redefining \ref on input line 162.
LaTeX Info: Redefining \pageref on input line 162.
LaTeX Info: Redefining \nameref on input line 162.
(livroavancado.out) (livroavancado.out)
\@outlinefile=\write4
\openout4 = `livroavancado.out'.

("C:\Program Files\MiKTeX 2.9\tex\latex\oberdiek\pdflscape.sty"
Package: pdflscape 2016/05/14 v0.11 Display of landscape pages in PDF (HO)
("C:\Program Files\MiKTeX 2.9\tex\latex\graphics\lscape.sty"
Package: lscape 2000/10/22 v3.01 Landscape Pages (DPC)
)
Package pdflscape Info: Auto-detected driver: dvipdfm (xetex) on input line 99.

)
Package lastpage Info: Please have a look at the pageslts package at
(lastpage)             https://www.ctan.org/pkg/pageslts
(lastpage)             ! on input line 162.
ABD: EverySelectfont initializing macros
LaTeX Info: Redefining \selectfont on input line 162.
[1


] (livroavancado.toc
LaTeX Font Info:    Try loading font information for OT1+lmr on input line 6.
("C:\Program Files\MiKTeX 2.9\tex\latex\lm\ot1lmr.fd"
File: ot1lmr.fd 2009/10/30 v1.6 Font defs for Latin Modern
)
Package microtype Info: Loading generic protrusion settings for font family
(microtype)             `lmr' (encoding: OT1).
(microtype)             For optimal results, create family-specific settings.
(microtype)             See the microtype manual for details.
LaTeX Font Info:    Try loading font information for OML+lmm on input line 6.
("C:\Program Files\MiKTeX 2.9\tex\latex\lm\omllmm.fd"
File: omllmm.fd 2009/10/30 v1.6 Font defs for Latin Modern
)
LaTeX Font Info:    Try loading font information for OMS+lmsy on input line 6.
("C:\Program Files\MiKTeX 2.9\tex\latex\lm\omslmsy.fd"
File: omslmsy.fd 2009/10/30 v1.6 Font defs for Latin Modern
)
LaTeX Font Info:    Try loading font information for OMX+lmex on input line 6.
("C:\Program Files\MiKTeX 2.9\tex\latex\lm\omxlmex.fd"
File: omxlmex.fd 2009/10/30 v1.6 Font defs for Latin Modern
)
LaTeX Font Info:    External font `lmex10' loaded for size
(Font)              <12> on input line 6.
LaTeX Font Info:    External font `lmex10' loaded for size
(Font)              <8> on input line 6.
LaTeX Font Info:    External font `lmex10' loaded for size
(Font)              <6> on input line 6.
LaTeX Font Info:    Try loading font information for U+msa on input line 6.
("C:\Program Files\MiKTeX 2.9\tex\latex\amsfonts\umsa.fd"
File: umsa.fd 2013/01/14 v3.01 AMS symbols A
) ("C:\Program Files\MiKTeX 2.9\tex\latex\microtype\mt-msa.cfg"
File: mt-msa.cfg 2006/02/04 v1.1 microtype config. file: AMS symbols (a) (RS)
)
LaTeX Font Info:    Try loading font information for U+msb on input line 6.
("C:\Program Files\MiKTeX 2.9\tex\latex\amsfonts\umsb.fd"
File: umsb.fd 2013/01/14 v3.01 AMS symbols B
) ("C:\Program Files\MiKTeX 2.9\tex\latex\microtype\mt-msb.cfg"
File: mt-msb.cfg 2005/06/01 v1.0 microtype config. file: AMS symbols (b) (RS)
) [1

])
\tf@toc=\write5
\openout5 = `livroavancado.toc'.

[2]
LaTeX Font Info:    Try loading font information for TS1+lmr on input line 180.

("C:\Program Files\MiKTeX 2.9\tex\latex\lm\ts1lmr.fd"
File: ts1lmr.fd 2009/10/30 v1.6 Font defs for Latin Modern
) [3

] [4

]
Capítulo 1.
Missing character: There is no  in font ec-lmr12!
Missing character: There is no  in font ec-lmr12!
Missing character: There is no  in font ec-lmr12!
Missing character: There is no  in font ec-lmr12!
[5

]
LaTeX Font Info:    Try loading font information for T1+lmtt on input line 317.

("C:\Program Files\MiKTeX 2.9\tex\latex\lm\t1lmtt.fd"
File: t1lmtt.fd 2009/10/30 v1.6 Font defs for Latin Modern
)
LaTeX Font Info:    Font shape `T1/lmtt/bx/n' in size <12> not available
(Font)              Font shape `T1/lmtt/b/n' tried instead on input line 321.
[6] [7] [8] [9]
LaTeX Font Info:    External font `lmex10' loaded for size
(Font)              <14.4> on input line 583.
LaTeX Font Info:    External font `lmex10' loaded for size
(Font)              <10> on input line 583.
LaTeX Font Info:    External font `lmex10' loaded for size
(Font)              <7> on input line 583.
[10]
Capítulo 2.
[11

]
Overfull \hbox (15.17088pt too wide) in paragraph at lines 687--688
 []\T1/lmr/m/n/12 QMatr/QMerro| 
 []

[12]
File: delimexp0.png Graphic file (type bmp)
<delimexp0.png>
[13]
LaTeX Font Info:    Try loading font information for TS1+lmtt on input line 783
.
("C:\Program Files\MiKTeX 2.9\tex\latex\lm\ts1lmtt.fd"
File: ts1lmtt.fd 2009/10/30 v1.6 Font defs for Latin Modern
) [14] [15]
File: index_files/figure-latex/unnamed-chunk-14-1.pdf Graphic file (type pdf)
<use index_files/figure-latex/unnamed-chunk-14-1.pdf>
File: index_files/figure-latex/unnamed-chunk-14-2.pdf Graphic file (type pdf)
<use index_files/figure-latex/unnamed-chunk-14-2.pdf>
[16]
File: index_files/figure-latex/unnamed-chunk-16-1.pdf Graphic file (type pdf)
<use index_files/figure-latex/unnamed-chunk-16-1.pdf>
[17]
File: index_files/figure-latex/unnamed-chunk-17-1.pdf Graphic file (type pdf)
<use index_files/figure-latex/unnamed-chunk-17-1.pdf>
[18]
File: delimexp1.png Graphic file (type bmp)
<delimexp1.png>
[19] [20]
File: index_files/figure-latex/unnamed-chunk-21-1.pdf Graphic file (type pdf)
<use index_files/figure-latex/unnamed-chunk-21-1.pdf>
File: index_files/figure-latex/unnamed-chunk-22-1.pdf Graphic file (type pdf)
<use index_files/figure-latex/unnamed-chunk-22-1.pdf>
[21]
File: index_files/figure-latex/unnamed-chunk-24-1.pdf Graphic file (type pdf)
<use index_files/figure-latex/unnamed-chunk-24-1.pdf>
[22]
File: index_files/figure-latex/unnamed-chunk-25-1.pdf Graphic file (type pdf)
<use index_files/figure-latex/unnamed-chunk-25-1.pdf>
[23]
Capítulo 3.
File: anfat1.png Graphic file (type bmp)
<anfat1.png>
[24

] [25] [26] [27]
File: index_files/figure-latex/unnamed-chunk-29-1.pdf Graphic file (type pdf)
<use index_files/figure-latex/unnamed-chunk-29-1.pdf>
[28] [29] [30] [31]
File: index_files/figure-latex/unnamed-chunk-33-1.pdf Graphic file (type pdf)
<use index_files/figure-latex/unnamed-chunk-33-1.pdf>
File: index_files/figure-latex/unnamed-chunk-34-1.pdf Graphic file (type pdf)
<use index_files/figure-latex/unnamed-chunk-34-1.pdf>
[32] [33] [34]
File: index_files/figure-latex/unnamed-chunk-39-1.pdf Graphic file (type pdf)
<use index_files/figure-latex/unnamed-chunk-39-1.pdf>
[35] [36] [37]
File: anfat2.png Graphic file (type bmp)
<anfat2.png>
[38]
Capítulo 4.

Overfull \hbox (92.17026pt too wide) in paragraph at lines 1800--1800
[]\T1/lmtt/m/n/12 Welcome! Related Books: \TS1/lmtt/m/n/12 `\T1/lmtt/m/n/12 Pra
ctical Guide To Cluster Analysis in R\TS1/lmtt/m/n/12 ` \T1/lmtt/m/n/12 at http
s://goo.gl/13EFCZ[] 
 []

[39

]
File: index_files/figure-latex/unnamed-chunk-43-1.pdf Graphic file (type pdf)
<use index_files/figure-latex/unnamed-chunk-43-1.pdf>
File: index_files/figure-latex/unnamed-chunk-43-2.pdf Graphic file (type pdf)
<use index_files/figure-latex/unnamed-chunk-43-2.pdf>
[40]
Underfull \vbox (badness 10000) detected at line 1894
 []

[41]
File: index_files/figure-latex/unnamed-chunk-45-1.pdf Graphic file (type pdf)
<use index_files/figure-latex/unnamed-chunk-45-1.pdf>
[42] [43]
Capítulo 5.
File: distecludiana.jpg Graphic file (type bmp)
<distecludiana.jpg>
[44

] [45]
Overfull \hbox (11.89522pt too wide) in paragraph at lines 2026--2026
[]                 \T1/lmtt/m/n/12 mpg    cyl    disp      hp   drat      wt   
 qsec     vs   am[] 
 []


Overfull \hbox (11.8532pt too wide) in paragraph at lines 2026--2026
[]\T1/lmtt/m/n/12 Mazda RX4     0.1509 -0.105 -0.5706 -0.5351 0.5675 -0.6104 -0
.7772 -0.868 1.19[] 
 []


Overfull \hbox (11.84619pt too wide) in paragraph at lines 2026--2026
[]\T1/lmtt/m/n/12 Mazda RX4 Wag 0.1509 -0.105 -0.5706 -0.5351 0.5675 -0.3498 -0
.4638 -0.868 1.19[] 
 []


Overfull \hbox (11.84619pt too wide) in paragraph at lines 2026--2026
[]\T1/lmtt/m/n/12 Datsun 710    0.4495 -1.225 -0.9902 -0.7830 0.4740 -0.9170  0
.4260  1.116 1.19[] 
 []

File: index_files/figure-latex/unnamed-chunk-49-1.pdf Graphic file (type pdf)
<use index_files/figure-latex/unnamed-chunk-49-1.pdf>
[46]
Overfull \hbox (18.07022pt too wide) in paragraph at lines 2098--2098
[]          \T1/lmtt/m/n/12 Mazda RX4       Mazda RX4 Wag          Datsun 710  
    Hornet 4 Drive[] 
 []


Overfull \hbox (18.07022pt too wide) in paragraph at lines 2098--2098
[]                  \T1/lmtt/m/n/12 4                   4                   2  
                 3[] 
 []

[47]
Overfull \hbox (18.06322pt too wide) in paragraph at lines 2098--2098
[]  \T1/lmtt/m/n/12 Hornet Sportabout             Valiant          Duster 360  
         Merc 240D[] 
 []


Overfull \hbox (18.07022pt too wide) in paragraph at lines 2098--2098
[]                  \T1/lmtt/m/n/12 1                   3                   1  
                 3[] 
 []


Overfull \hbox (18.07022pt too wide) in paragraph at lines 2098--2098
[]           \T1/lmtt/m/n/12 Merc 230            Merc 280           Merc 280C  
        Merc 450SE[] 
 []


Overfull \hbox (18.07022pt too wide) in paragraph at lines 2098--2098
[]                  \T1/lmtt/m/n/12 3                   3                   3  
                 1[] 
 []


Overfull \hbox (18.07022pt too wide) in paragraph at lines 2098--2098
[]         \T1/lmtt/m/n/12 Merc 450SL         Merc 450SLC  Cadillac Fleetwood L
incoln Continental[] 
 []


Overfull \hbox (18.07022pt too wide) in paragraph at lines 2098--2098
[]                  \T1/lmtt/m/n/12 1                   1                   1  
                 1[] 
 []


Overfull \hbox (18.07022pt too wide) in paragraph at lines 2098--2098
[]  \T1/lmtt/m/n/12 Chrysler Imperial            Fiat 128         Honda Civic  
    Toyota Corolla[] 
 []


Overfull \hbox (18.07022pt too wide) in paragraph at lines 2098--2098
[]                  \T1/lmtt/m/n/12 1                   2                   2  
                 2[] 
 []


Overfull \hbox (18.07022pt too wide) in paragraph at lines 2098--2098
[]      \T1/lmtt/m/n/12 Toyota Corona    Dodge Challenger         AMC Javelin  
        Camaro Z28[] 
 []


Overfull \hbox (18.07022pt too wide) in paragraph at lines 2098--2098
[]                  \T1/lmtt/m/n/12 3                   1                   1  
                 1[] 
 []


Overfull \hbox (18.05621pt too wide) in paragraph at lines 2098--2098
[]   \T1/lmtt/m/n/12 Pontiac Firebird           Fiat X1-9       Porsche 914-2  
      Lotus Europa[] 
 []


Overfull \hbox (18.07022pt too wide) in paragraph at lines 2098--2098
[]                  \T1/lmtt/m/n/12 1                   2                   2  
                 2[] 
 []


Overfull \hbox (18.07022pt too wide) in paragraph at lines 2098--2098
[]     \T1/lmtt/m/n/12 Ford Pantera L        Ferrari Dino       Maserati Bora  
        Volvo 142E[] 
 []


Overfull \hbox (18.07022pt too wide) in paragraph at lines 2098--2098
[]                  \T1/lmtt/m/n/12 4                   4                   4  
                 2[] 
 []


Overfull \hbox (11.89522pt too wide) in paragraph at lines 2098--2098
[]\T1/lmtt/m/n/12 [1] "cluster"      "centers"      "totss"        "withinss"  
   "tot.withinss"[] 
 []

[48]
File: index_files/figure-latex/unnamed-chunk-53-1.pdf Graphic file (type pdf)
<use index_files/figure-latex/unnamed-chunk-53-1.pdf>
[49]
Underfull \vbox (badness 10000) detected at line 2222
 []

[50]
File: index_files/figure-latex/unnamed-chunk-55-1.pdf Graphic file (type pdf)
<use index_files/figure-latex/unnamed-chunk-55-1.pdf>

Overfull \hbox (18.07022pt too wide) in paragraph at lines 2241--2241
[]  \T1/lmtt/m/n/12 [1] 1 2 1 2 2 1 1 2 1 1 2 1 1 1 1 2 1 1 1 2 2 1 1 2 1 2 1 1
 1 1 2 2 1 2 1 1 2[] 
 []


Overfull \hbox (18.07022pt too wide) in paragraph at lines 2241--2241
[] \T1/lmtt/m/n/12 [38] 1 1 1 1 1 1 1 1 1 1 1 1 2 1 1 2 1 1 1 1 2 2 1 1 1 1 1 2
 1 2 2 2 1 2 1 2 1[] 
 []


Overfull \hbox (18.07022pt too wide) in paragraph at lines 2241--2241
[] \T1/lmtt/m/n/12 [75] 1 1 1 1 1 1 1 1 1 2 1 1 2 2 2 1 1 1 1 1 1 1 2 1 1 1 1 1
 1 2 1 2 2 1 1 1 2[] 
 []


Overfull \hbox (18.07022pt too wide) in paragraph at lines 2241--2241
[]\T1/lmtt/m/n/12 [112] 1 1 2 2 1 1 2 1 1 1 1 1 1 1 2 1 1 1 1 1 2 1 2 1 1 2 2 2
 1 1 1 1 1 2 1 1 1[] 
 []

[51]
Overfull \hbox (18.0422pt too wide) in paragraph at lines 2289--2289
[]  \T1/lmtt/m/n/12 1   3   6   7   9  10  12  13  14  15  17  18  19  22  23  
25  27  28  29  30[] 
 []


Overfull \hbox (18.07022pt too wide) in paragraph at lines 2289--2289
[]  \T1/lmtt/m/n/12 1   1   1   1   1   1   1   1   1   1   1   1   1   1   1  
 1   1   1   1   1[] 
 []


Overfull \hbox (18.0352pt too wide) in paragraph at lines 2289--2289
[] \T1/lmtt/m/n/12 33  35  36  38  39  40  41  42  43  44  45  46  47  48  49  
51  52  54  55  56[] 
 []


Overfull \hbox (18.07022pt too wide) in paragraph at lines 2289--2289
[]  \T1/lmtt/m/n/12 1   1   1   1   1   1   1   1   1   1   1   1   1   1   1  
 2   3   3   3   3[] 
 []


Overfull \hbox (18.00719pt too wide) in paragraph at lines 2289--2289
[] \T1/lmtt/m/n/12 57  60  61  62  63  64  66  70  72  74  75  76  77  78  79  
80  81  82  83  85[] 
 []


Overfull \hbox (18.07022pt too wide) in paragraph at lines 2289--2289
[]  \T1/lmtt/m/n/12 3   3   3   3   3   3   3   3   3   3   3   3   3   2   3  
 3   3   3   3   3[] 
 []


Overfull \hbox (17.97917pt too wide) in paragraph at lines 2289--2289
[] \T1/lmtt/m/n/12 86  90  91  92  93  94  95  96  98  99 100 101 102 103 105 1
08 109 110 112 113[] 
 []


Overfull \hbox (18.07022pt too wide) in paragraph at lines 2289--2289
[]  \T1/lmtt/m/n/12 3   3   3   3   3   3   3   3   3   3   3   2   3   2   2  
 2   2   2   2   2[] 
 []


Overfull \hbox (18.0422pt too wide) in paragraph at lines 2289--2289
[]\T1/lmtt/m/n/12 116 117 119 120 121 122 123 124 125 127 128 129 130 131 133 1
35 136 140 141 142[] 
 []


Overfull \hbox (18.07022pt too wide) in paragraph at lines 2289--2289
[]  \T1/lmtt/m/n/12 2   2   2   3   2   3   2   3   2   3   3   2   2   2   2  
 2   2   2   2   2[] 
 []


Overfull \hbox (11.89522pt too wide) in paragraph at lines 2289--2289
[]\T1/lmtt/m/n/12 [1] "cluster"      "centers"      "totss"        "withinss"  
   "tot.withinss"[] 
 []

[52] [53]
Overfull \hbox (11.89522pt too wide) in paragraph at lines 2488--2488
[]                 \T1/lmtt/m/n/12 mpg    cyl    disp      hp   drat      wt   
 qsec     vs   am[] 
 []


Overfull \hbox (11.8532pt too wide) in paragraph at lines 2488--2488
[]\T1/lmtt/m/n/12 Mazda RX4     0.1509 -0.105 -0.5706 -0.5351 0.5675 -0.6104 -0
.7772 -0.868 1.19[] 
 []


Overfull \hbox (11.84619pt too wide) in paragraph at lines 2488--2488
[]\T1/lmtt/m/n/12 Mazda RX4 Wag 0.1509 -0.105 -0.5706 -0.5351 0.5675 -0.3498 -0
.4638 -0.868 1.19[] 
 []


Overfull \hbox (11.84619pt too wide) in paragraph at lines 2488--2488
[]\T1/lmtt/m/n/12 Datsun 710    0.4495 -1.225 -0.9902 -0.7830 0.4740 -0.9170  0
.4260  1.116 1.19[] 
 []

[54]
File: index_files/figure-latex/unnamed-chunk-65-1.pdf Graphic file (type pdf)
<use index_files/figure-latex/unnamed-chunk-65-1.pdf>
[55] [56]
Capítulo 6.
[57

] [58]
Missing character: There is no – in font rm-lmr12!
Missing character: There is no – in font rm-lmr12!
[59]
File: index_files/figure-latex/unnamed-chunk-69-1.pdf Graphic file (type pdf)
<use index_files/figure-latex/unnamed-chunk-69-1.pdf>
[60]
File: index_files/figure-latex/unnamed-chunk-69-2.pdf Graphic file (type pdf)
<use index_files/figure-latex/unnamed-chunk-69-2.pdf>
[61] [62]
File: index_files/figure-latex/unnamed-chunk-72-1.pdf Graphic file (type pdf)
<use index_files/figure-latex/unnamed-chunk-72-1.pdf>
[63] [64]
File: regress1.png Graphic file (type bmp)
<regress1.png>
[65] [66]
Capítulo 7.
[67

] [68]
File: index_files/figure-latex/unnamed-chunk-76-1.pdf Graphic file (type pdf)
<use index_files/figure-latex/unnamed-chunk-76-1.pdf>
[69] [70] [71] [72] [73] [74] [75] [76] [77] [78]
Capítulo 8.
LaTeX Font Info:    External font `lmex10' loaded for size
(Font)              <5> on input line 3654.
[79

]
File: curvalog.png Graphic file (type bmp)
<curvalog.png>
[80] [81]
File: index_files/figure-latex/dispev-1.pdf Graphic file (type pdf)
<use index_files/figure-latex/dispev-1.pdf>
[82] [83]
File: index_files/figure-latex/distrpred-1.pdf Graphic file (type pdf)
<use index_files/figure-latex/distrpred-1.pdf>
[84] [85] [86] [87] [88]
File: curvaroc.png Graphic file (type bmp)
<curvaroc.png>
[89] [90]
File: index_files/figure-latex/roc-1.pdf Graphic file (type pdf)
<use index_files/figure-latex/roc-1.pdf>
[91] [92]
Overfull \hbox (14.49686pt too wide) in paragraph at lines 4227--4228
\T1/lmr/m/n/12 o banco de da-dos cri-ado cha-mado \T1/lmtt/m/n/12 mydata\T1/lmr
/m/n/12 , pos-suindo as va-riá-veis\T1/lmtt/m/n/12 country\T1/lmr/m/n/12 ,\T1/l
mtt/m/n/12 year\T1/lmr/m/n/12 ,\T1/lmtt/m/n/12 y\T1/lmr/m/n/12 ,\T1/lmtt/m/n/12
 y_bin\T1/lmr/m/n/12 ,\T1/lmtt/m/n/12 x1\T1/lmr/m/n/12 ,\T1/lmtt/m/n/12 x2\T1/l
mr/m/n/12 ,\T1/lmtt/m/n/12 x3
 []

[93] [94] [95] [96] [97]
Overfull \vbox (0.52074pt too high) detected at line 4535
 []

[98] [99]
Overfull \hbox (25.92268pt too wide) detected at line 4621
\OML/lmm/m/it/12 ln\OT1/lmr/m/n/12 (\OML/lmm/m/it/12 P \OT1/lmr/m/n/12 = \OML/l
mm/m/it/12 Y\OT1/lmr/m/n/12 ) = \OMS/lmsy/m/n/12 ^^@\OT1/lmr/m/n/12 3\OML/lmm/m
/it/12 ; \OT1/lmr/m/n/12 98998 + 0\OML/lmm/m/it/12 :\OT1/lmr/m/n/12 00226\OML/l
mm/m/it/12 gre \OT1/lmr/m/n/12 + 0\OML/lmm/m/it/12 ; \OT1/lmr/m/n/12 80404\OML/
lmm/m/it/12 gpa \OMS/lmsy/m/n/12 ^^@ \OT1/lmr/m/n/12 0\OML/lmm/m/it/12 ; \OT1/l
mr/m/n/12 67544\OML/lmm/m/it/12 rank\OT1/lmr/m/n/12 2 \OMS/lmsy/m/n/12 ^^@ \OT1
/lmr/m/n/12 1\OML/lmm/m/it/12 ; \OT1/lmr/m/n/12 34020\OML/lmm/m/it/12 rank\OT1/
lmr/m/n/12 3 \OMS/lmsy/m/n/12 ^^@ \OT1/lmr/m/n/12 1\OML/lmm/m/it/12 ; \OT1/lmr/
m/n/12 55146\OML/lmm/m/it/12 rank\OT1/lmr/m/n/12 4
 []

[100] [101]
File: index_files/figure-latex/unnamed-chunk-118-1.pdf Graphic file (type pdf)
<use index_files/figure-latex/unnamed-chunk-118-1.pdf>
[102] [103] [104]
Capítulo 9.
[105

] [106]
File: index_files/figure-latex/unnamed-chunk-121-1.pdf Graphic file (type pdf)
<use index_files/figure-latex/unnamed-chunk-121-1.pdf>
File: index_files/figure-latex/unnamed-chunk-122-1.pdf Graphic file (type pdf)
<use index_files/figure-latex/unnamed-chunk-122-1.pdf>
[107] [108] [109]
File: index_files/figure-latex/unnamed-chunk-127-1.pdf Graphic file (type pdf)
<use index_files/figure-latex/unnamed-chunk-127-1.pdf>
[110] [111] [112]
File: index_files/figure-latex/unnamed-chunk-132-1.pdf Graphic file (type pdf)
<use index_files/figure-latex/unnamed-chunk-132-1.pdf>
[113] [114]
Capítulo 10.

Overfull \hbox (18.07022pt too wide) in paragraph at lines 5323--5323
[]  \T1/lmtt/m/n/12 [1] 1 2 1 2 2 1 1 2 1 1 2 1 1 1 1 2 1 1 1 2 2 1 1 2 1 2 1 1
 1 1 2 2 1 2 1 1 2[] 
 []


Overfull \hbox (18.07022pt too wide) in paragraph at lines 5323--5323
[] \T1/lmtt/m/n/12 [38] 1 1 1 1 1 1 1 1 1 1 1 1 2 1 1 2 1 1 1 1 2 2 1 1 1 1 1 2
 1 2 2 2 1 2 1 2 1[] 
 []


Overfull \hbox (18.07022pt too wide) in paragraph at lines 5323--5323
[] \T1/lmtt/m/n/12 [75] 1 1 1 1 1 1 1 1 1 2 1 1 2 2 2 1 1 1 1 1 1 1 2 1 1 1 1 1
 1 2 1 2 2 1 1 1 2[] 
 []


Overfull \hbox (18.07022pt too wide) in paragraph at lines 5323--5323
[]\T1/lmtt/m/n/12 [112] 1 1 2 2 1 1 2 1 1 1 1 1 1 1 2 1 1 1 1 1 2 1 2 1 1 2 2 2
 1 1 1 1 1 2 1 1 1[] 
 []

[115

]
File: index_files/figure-latex/unnamed-chunk-134-1.pdf Graphic file (type pdf)
<use index_files/figure-latex/unnamed-chunk-134-1.pdf>
[116] [117]
Overfull \hbox (11.89522pt too wide) in paragraph at lines 5459--5459
[]   \T1/lmtt/m/n/12 Sepal.Length Sepal.Width Petal.Length Petal.Width Species 
setosa versicolor[] 
 []


Overfull \hbox (11.88821pt too wide) in paragraph at lines 5459--5459
[]\T1/lmtt/m/n/12 2           4.9         3.0          1.4         0.2  setosa 
     1          0[] 
 []


Overfull \hbox (11.88821pt too wide) in paragraph at lines 5459--5459
[]\T1/lmtt/m/n/12 4           4.6         3.1          1.5         0.2  setosa 
     1          0[] 
 []


Overfull \hbox (11.88821pt too wide) in paragraph at lines 5459--5459
[]\T1/lmtt/m/n/12 5           5.0         3.6          1.4         0.2  setosa 
     1          0[] 
 []


Overfull \hbox (11.89522pt too wide) in paragraph at lines 5459--5459
[]\T1/lmtt/m/n/12 8           5.0         3.4          1.5         0.2  setosa 
     1          0[] 
 []


Overfull \hbox (11.89522pt too wide) in paragraph at lines 5459--5459
[]\T1/lmtt/m/n/12 11          5.4         3.7          1.5         0.2  setosa 
     1          0[] 
 []


Overfull \hbox (11.88821pt too wide) in paragraph at lines 5459--5459
[]\T1/lmtt/m/n/12 16          5.7         4.4          1.5         0.4  setosa 
     1          0[] 
 []


Overfull \hbox (11.89522pt too wide) in paragraph at lines 5485--5485
[]   \T1/lmtt/m/n/12 Sepal.Length Sepal.Width Petal.Length Petal.Width Species 
setosa versicolor[] 
 []

[118]
Overfull \hbox (11.88821pt too wide) in paragraph at lines 5485--5485
[]\T1/lmtt/m/n/12 2           4.9         3.0          1.4         0.2  setosa 
     1          0[] 
 []


Overfull \hbox (11.88821pt too wide) in paragraph at lines 5485--5485
[]\T1/lmtt/m/n/12 4           4.6         3.1          1.5         0.2  setosa 
     1          0[] 
 []


Overfull \hbox (11.88821pt too wide) in paragraph at lines 5485--5485
[]\T1/lmtt/m/n/12 5           5.0         3.6          1.4         0.2  setosa 
     1          0[] 
 []


Overfull \hbox (11.89522pt too wide) in paragraph at lines 5485--5485
[]\T1/lmtt/m/n/12 8           5.0         3.4          1.5         0.2  setosa 
     1          0[] 
 []


Overfull \hbox (11.89522pt too wide) in paragraph at lines 5485--5485
[]\T1/lmtt/m/n/12 11          5.4         3.7          1.5         0.2  setosa 
     1          0[] 
 []


Overfull \hbox (11.88821pt too wide) in paragraph at lines 5485--5485
[]\T1/lmtt/m/n/12 16          5.7         4.4          1.5         0.4  setosa 
     1          0[] 
 []

[119]
Overfull \hbox (18.07022pt too wide) in paragraph at lines 5587--5587
[]  \T1/lmtt/m/n/12 [1] 2 1 2 2 1 1 1 1 1 1 1 1 2 1 1 2 2 1 1 2 2 1 1 2 1 1 2 1
 1 2 1 1 2 2 1 1 1[] 
 []


Overfull \hbox (18.07022pt too wide) in paragraph at lines 5587--5587
[] \T1/lmtt/m/n/12 [38] 1 1 2 1 1 1 1 1 1 2 1 1 1 1 2 1 1 1 2 1 1 1 2 1 1 2 1 1
 2 1 1 1 1 1 1 2 1[] 
 []


Overfull \hbox (18.07022pt too wide) in paragraph at lines 5587--5587
[] \T1/lmtt/m/n/12 [75] 1 2 2 1 1 2 1 2 1 2 1 2 1 1 1 1 2 1 2 2 1 1 1 1 1 2 2 1
 2 1 1 1 2 1 1 1 1[] 
 []


Overfull \hbox (18.07022pt too wide) in paragraph at lines 5587--5587
[]\T1/lmtt/m/n/12 [112] 2 1 1 1 1 2 1 1 1 1 1 1 1 2 1 1 1 1 2 2 1 1 2 1 1 1 1 1
 1 1 1 2 1 2 2 2 1[] 
 []

[120] [121] [122]
Overfull \hbox (18.07022pt too wide) in paragraph at lines 5782--5782
[]  \T1/lmtt/m/n/12 [1] 1 1 1 1 1 2 2 2 1 1 2 1 1 1 1 1 1 1 1 2 1 2 1 2 1 1 1 1
 1 2 1 2 1 1 2 1 1[] 
 []


Overfull \hbox (18.07022pt too wide) in paragraph at lines 5782--5782
[] \T1/lmtt/m/n/12 [38] 1 1 2 2 1 1 2 1 2 1 1 1 2 1 1 1 1 1 1 1 1 2 1 1 1 2 1 2
 1 1 2 1 2 1 1 1 1[] 
 []


Overfull \hbox (18.07022pt too wide) in paragraph at lines 5782--5782
[] \T1/lmtt/m/n/12 [75] 1 1 2 1 2 1 2 1 1 2 1 2 1 2 1 1 2 1 2 1 2 2 1 2 2 1 1 1
 1 2 1 1 1 1 1 1 1[] 
 []


Overfull \hbox (18.07022pt too wide) in paragraph at lines 5782--5782
[]\T1/lmtt/m/n/12 [112] 2 2 1 1 1 1 2 1 2 1 2 1 1 2 2 1 1 1 1 2 2 2 1 2 1 1 1 2
 1 1 1 2 1 1 2 1 1[] 
 []

[123] [124] [125]
Capítulo 11.
[126

]
File: index_files/figure-latex/unnamed-chunk-139-1.pdf Graphic file (type pdf)
<use index_files/figure-latex/unnamed-chunk-139-1.pdf>
[127]
File: index_files/figure-latex/unnamed-chunk-141-1.pdf Graphic file (type pdf)
<use index_files/figure-latex/unnamed-chunk-141-1.pdf>
[128] [129]
Capítulo 12.
[130

]
Overfull \hbox (270.03622pt too wide) in alignment at lines 6143--6147
 [] 
 []


Overfull \hbox (270.03622pt too wide) in alignment at lines 6147--6150
 [] 
 []


Overfull \hbox (817.84218pt too wide) in alignment at lines 6152--6156
 [] 
 []


Overfull \hbox (817.84218pt too wide) in alignment at lines 6156--6159
 [] 
 []


Overfull \hbox (240.0683pt too wide) in alignment at lines 6161--6165
 [] 
 []


Overfull \hbox (240.0683pt too wide) in alignment at lines 6165--6168
 [] 
 []


Overfull \hbox (375.3281pt too wide) in alignment at lines 6170--6174
 [] 
 []


Overfull \hbox (375.3281pt too wide) in alignment at lines 6174--6177
 [] 
 []


Overfull \hbox (1056.39275pt too wide) in alignment at lines 6179--6183
 [] 
 []


Overfull \hbox (1056.39275pt too wide) in alignment at lines 6183--6186
 [] 
 []


Overfull \hbox (1740.79604pt too wide) in alignment at lines 6188--6192
 [] 
 []


Overfull \hbox (1740.79604pt too wide) in alignment at lines 6192--6195
 [] 
 []

[131] [132]
File: index_files/figure-latex/unnamed-chunk-148-1.pdf Graphic file (type pdf)
<use index_files/figure-latex/unnamed-chunk-148-1.pdf>
[133]
File: index_files/figure-latex/unnamed-chunk-149-1.pdf Graphic file (type pdf)
<use index_files/figure-latex/unnamed-chunk-149-1.pdf>

Underfull \vbox (badness 10000) detected at line 6345
 []

[134]
File: index_files/figure-latex/unnamed-chunk-151-1.pdf Graphic file (type pdf)
<use index_files/figure-latex/unnamed-chunk-151-1.pdf>
File: index_files/figure-latex/unnamed-chunk-152-1.pdf Graphic file (type pdf)
<use index_files/figure-latex/unnamed-chunk-152-1.pdf>
[135] [136]
File: index_files/figure-latex/unnamed-chunk-153-1.pdf Graphic file (type pdf)
<use index_files/figure-latex/unnamed-chunk-153-1.pdf>
[137]
Capítulo 13.

Underfull \hbox (badness 10000) in paragraph at lines 6466--6468
[]\T1/lmr/m/n/12 IBGE: []$ftp : / / geoftp . ibge . gov . br / organizacao _ do
 _ territorio / malhas _ territoriais /
 []


Underfull \hbox (badness 10000) in paragraph at lines 6470--6472
[]\T1/lmr/m/n/12 Forest Gis: []$http : / / forest-[]gis . com / 2009 / 04 / bas
e-[]de-[]dados-[]shape^^\le-[]do-[]brasil-[]todo .
 []


Underfull \hbox (badness 3039) in paragraph at lines 6475--6476
\T1/lmr/m/n/12 malhas _ territoriais / malhas _ municipais / municipio _ 2017 /
 UFs / RS / rs _ municipios . zip$[]). Ao
 []

[138

] [139]
File: index_files/figure-latex/unnamed-chunk-156-1.pdf Graphic file (type pdf)
<use index_files/figure-latex/unnamed-chunk-156-1.pdf>
File: index_files/figure-latex/unnamed-chunk-157-1.pdf Graphic file (type pdf)
<use index_files/figure-latex/unnamed-chunk-157-1.pdf>
[140]
File: index_files/figure-latex/unnamed-chunk-158-1.pdf Graphic file (type pdf)
<use index_files/figure-latex/unnamed-chunk-158-1.pdf>
[141] [142]
Overfull \hbox (11.89522pt too wide) in paragraph at lines 6683--6683
[]  \T1/lmtt/m/n/12 CD_GEOCMU  NM_MUNICIP       Label_N             COREDE  IDE
SE_2013  POUPANCA[] 
 []


Overfull \hbox (30.39922pt too wide) in paragraph at lines 6683--6683
[]\T1/lmtt/m/n/12 1    430003     ACEGUÃ\201     Acegu<e1>           Campanha 0
,718832327    654998[] 
 []


Overfull \hbox (30.39221pt too wide) in paragraph at lines 6683--6683
[]\T1/lmtt/m/n/12 2    430005 Ã\201GUA SANTA <c1>gua Santa           Nordeste 0
,867600828   5771664[] 
 []


Overfull \hbox (11.88821pt too wide) in paragraph at lines 6683--6683
[]\T1/lmtt/m/n/12 3    430010       AGUDO         Agudo            Central 0,70
2817421  60413751[] 
 []


Overfull \hbox (11.88821pt too wide) in paragraph at lines 6683--6683
[]\T1/lmtt/m/n/12 4    430020   AJURICABA     Ajuricaba  Noroeste Colonial 0,78
5470135  10097428[] 
 []


Overfull \hbox (11.88821pt too wide) in paragraph at lines 6683--6683
[]\T1/lmtt/m/n/12 5    430030     ALECRIM       Alecrim Fronteira Noroeste 0,67
7111834  11317058[] 
 []


Overfull \hbox (11.8672pt too wide) in paragraph at lines 6683--6683
[]\T1/lmtt/m/n/12 6    430040    ALEGRETE      Alegrete    Fronteira Oeste 0,72
6877131 143979215[] 
 []


Overfull \hbox (18.07022pt too wide) in paragraph at lines 6683--6683
[]  \T1/lmtt/m/n/12 OP_CREDITO OBRIGACOES _RECEBIMENTO DEP_A_VISTA_PRIV DEP_A_V
ISTA_GOV DEP_PRAZO[] 
 []


Overfull \hbox (18.0352pt too wide) in paragraph at lines 6683--6683
[]\T1/lmtt/m/n/12 1    2123323                     990           436095        
  211613         0[] 
 []


Overfull \hbox (18.0282pt too wide) in paragraph at lines 6683--6683
[]\T1/lmtt/m/n/12 2   58309611                   40094          1814681        
   89008   3205509[] 
 []


Overfull \hbox (18.0212pt too wide) in paragraph at lines 6683--6683
[]\T1/lmtt/m/n/12 3  129527759                   28351          7005194        
  593901   5826631[] 
 []


Overfull \hbox (18.01419pt too wide) in paragraph at lines 6683--6683
[]\T1/lmtt/m/n/12 4   89098650                   35621          4739225        
 1116209   2322985[] 
 []


Overfull \hbox (18.0212pt too wide) in paragraph at lines 6683--6683
[]\T1/lmtt/m/n/12 5   14649086                     265          1754832        
  150166    740890[] 
 []


Overfull \hbox (18.00719pt too wide) in paragraph at lines 6683--6683
[]\T1/lmtt/m/n/12 6  747409945                  232866         42122392        
 1138492  63194800[] 
 []

[143]
File: index_files/figure-latex/unnamed-chunk-161-1.pdf Graphic file (type pdf)
<use index_files/figure-latex/unnamed-chunk-161-1.pdf>
[144]
Underfull \hbox (badness 1648) in paragraph at lines 6708--6709
\T1/lmtt/m/n/12 tm_format_Europe_wide\T1/lmr/m/n/12 , \T1/lmtt/m/n/12 tm_format
_NLD\T1/lmr/m/n/12 , \T1/lmtt/m/n/12 tm_format_NLD_wide\T1/lmr/m/n/12 , \T1/lmt
t/m/n/12 tm_format_NLD_wide\T1/lmr/m/n/12 .
 []


Underfull \hbox (badness 10000) in paragraph at lines 6708--6709
\T1/lmtt/m/n/12 tm_style_grey\T1/lmr/m/n/12 , \T1/lmtt/m/n/12 tm_style_cobalt\T
1/lmr/m/n/12 , \T1/lmtt/m/n/12 tm_style_col_blind\T1/lmr/m/n/12 , \T1/lmtt/m/n/
12 tm_style_albatross\T1/lmr/m/n/12 ,
 []


Underfull \vbox (badness 10000) detected at line 6730
 []

[145]
File: index_files/figure-latex/unnamed-chunk-162-1.pdf Graphic file (type pdf)
<use index_files/figure-latex/unnamed-chunk-162-1.pdf>
File: index_files/figure-latex/unnamed-chunk-163-1.pdf Graphic file (type pdf)
<use index_files/figure-latex/unnamed-chunk-163-1.pdf>
[146]
Overfull \hbox (70.96172pt too wide) in paragraph at lines 6758--6759
\T1/lmtt/m/n/12 datasus \T1/lmr/m/n/12 di-re-ta-mente do re-po-si-tó-rio Github
 pelo co-mando \T1/lmtt/m/n/12 install_github("rpradosiqueira/datasus")\T1/lmr/
m/n/12 . 
 []

[147]
Underfull \vbox (badness 10000) detected at line 6858
 []

[148]
Overfull \hbox (5.72021pt too wide) in paragraph at lines 6864--6864
[]\T1/lmtt/m/n/12 Warning: The argument auto.palette.mapping is deprecated. Ple
ase use midpoint[] 
 []


Overfull \hbox (24.24522pt too wide) in paragraph at lines 6864--6864
[]\T1/lmtt/m/n/12 for numeric data and stretch.palette for categorical data to 
control the palette[] 
 []

File: index_files/figure-latex/unnamed-chunk-169-1.pdf Graphic file (type pdf)
<use index_files/figure-latex/unnamed-chunk-169-1.pdf>
[149] [150

]
Missing character: There is no ̈ in font ec-lmr12!

Underfull \hbox (badness 2828) in paragraph at lines 6945--6947
[][]\T1/lmr/m/n/12 SEMACE. \T1/lmr/bx/n/12 Shape -- De-fi-ni-ções e Con-ver-são
\T1/lmr/m/n/12 , 2018.. Dis-po-ní-vel em: <[]$http : 
 []


AED: lastpage setting LastPage
[151]
Package atveryend Info: Empty hook `BeforeClearDocument' on input line 6964.
Package atveryend Info: Empty hook `AfterLastShipout' on input line 6964.
(livroavancado.aux)
Package atveryend Info: Empty hook `AtVeryEndDocument' on input line 6964.
Package atveryend Info: Executing hook `AtEndAfterFileList' on input line 6964.

Package rerunfilecheck Info: File `livroavancado.out' has not changed.
(rerunfilecheck)             Checksum: BB956D876BA807A36EBBCE3B4698B962.
 ) 
Here is how much of TeX's memory you used:
 25676 strings out of 427796
 464404 string characters out of 3151768
 614295 words of memory out of 3000000
 29341 multiletter control sequences out of 15000+200000
 618744 words of font info for 86 fonts, out of 3000000 for 9000
 1328 hyphenation exceptions out of 8191
 45i,8n,68p,1001b,456s stack positions out of 5000i,500n,10000p,200000b,50000s

Output written on livroavancado.pdf (152 pages).
